<?xml version="1.0" encoding="UTF-8"?>
<!-- Generated by org.testng.reporters.JUnitReportReporter -->
<testsuite hostname="Rachana" failures="0" tests="1" name="com.simplilearn.mavenproject.AppTest" time="0.003" errors="0" timestamp="2024-07-16T20:25:17 IST" skipped="0">
  <testcase classname="com.simplilearn.mavenproject.AppTest" name="shouldAnswerWithTrue" time="0.003"/>
  <system-out/>
</testsuite> <!-- com.simplilearn.mavenproject.AppTest -->
